<?xml version="1.0" encoding="UTF-8"?>
<!-- Generated by org.testng.reporters.JUnitXMLReporter -->
<testsuite hostname="Pndtprashant" ignored="0" name="Surefire test" tests="4" failures="4" timestamp="24 May 2023 08:56:13 GMT" time="30.347" errors="0">
  <testcase name="runScenario" time="8.476" classname="io.cucumber.testng.AbstractTestNGCucumberTests">
    <failure type="io.cucumber.core.exception.CucumberException" message="Step [user enter (.*) as username] is defined with 1 parameters at &amp;apos;mapping.Login.user_enter_as_username(java.lang.String)&amp;apos;.
However, the gherkin step has 0 arguments.
Step text: user enter Admin as username">
      <![CDATA[io.cucumber.core.exception.CucumberException: Step [user enter (.*) as username] is defined with 1 parameters at 'mapping.Login.user_enter_as_username(java.lang.String)'.
However, the gherkin step has 0 arguments.
Step text: user enter Admin as username
at io.cucumber.core.runner.PickleStepDefinitionMatch.arityMismatch(PickleStepDefinitionMatch.java:134)
at io.cucumber.core.runner.PickleStepDefinitionMatch.runStep(PickleStepDefinitionMatch.java:42)
at io.cucumber.core.runner.TestStep.executeStep(TestStep.java:64)
at io.cucumber.core.runner.TestStep.run(TestStep.java:49)
at io.cucumber.core.runner.PickleStepTestStep.run(PickleStepTestStep.java:46)
at io.cucumber.core.runner.TestCase.run(TestCase.java:51)
at io.cucumber.core.runner.Runner.runPickle(Runner.java:66)
at io.cucumber.testng.TestNGCucumberRunner.runScenario(TestNGCucumberRunner.java:124)
at io.cucumber.testng.AbstractTestNGCucumberTests.runScenario(AbstractTestNGCucumberTests.java:29)
... Removed 29 stack frames]]>
    </failure>
  </testcase> <!-- runScenario -->
  <testcase name="runScenario" time="5.186" classname="io.cucumber.testng.AbstractTestNGCucumberTests">
    <failure type="io.cucumber.core.exception.CucumberException" message="Step [user enter (.*) as username] is defined with 1 parameters at &amp;apos;mapping.Login.user_enter_as_username(java.lang.String)&amp;apos;.
However, the gherkin step has 0 arguments.
Step text: user enter AdminA as username">
      <![CDATA[io.cucumber.core.exception.CucumberException: Step [user enter (.*) as username] is defined with 1 parameters at 'mapping.Login.user_enter_as_username(java.lang.String)'.
However, the gherkin step has 0 arguments.
Step text: user enter AdminA as username
at io.cucumber.core.runner.PickleStepDefinitionMatch.arityMismatch(PickleStepDefinitionMatch.java:134)
at io.cucumber.core.runner.PickleStepDefinitionMatch.runStep(PickleStepDefinitionMatch.java:42)
at io.cucumber.core.runner.TestStep.executeStep(TestStep.java:64)
at io.cucumber.core.runner.TestStep.run(TestStep.java:49)
at io.cucumber.core.runner.PickleStepTestStep.run(PickleStepTestStep.java:46)
at io.cucumber.core.runner.TestCase.run(TestCase.java:51)
at io.cucumber.core.runner.Runner.runPickle(Runner.java:66)
at io.cucumber.testng.TestNGCucumberRunner.runScenario(TestNGCucumberRunner.java:124)
at io.cucumber.testng.AbstractTestNGCucumberTests.runScenario(AbstractTestNGCucumberTests.java:29)
... Removed 29 stack frames]]>
    </failure>
  </testcase> <!-- runScenario -->
  <testcase name="runScenario" time="5.906" classname="io.cucumber.testng.AbstractTestNGCucumberTests">
    <failure type="io.cucumber.core.exception.CucumberException" message="Step [user enter (.*) as username] is defined with 1 parameters at &amp;apos;mapping.Login.user_enter_as_username(java.lang.String)&amp;apos;.
However, the gherkin step has 0 arguments.
Step text: user enter adminB as username">
      <![CDATA[io.cucumber.core.exception.CucumberException: Step [user enter (.*) as username] is defined with 1 parameters at 'mapping.Login.user_enter_as_username(java.lang.String)'.
However, the gherkin step has 0 arguments.
Step text: user enter adminB as username
at io.cucumber.core.runner.PickleStepDefinitionMatch.arityMismatch(PickleStepDefinitionMatch.java:134)
at io.cucumber.core.runner.PickleStepDefinitionMatch.runStep(PickleStepDefinitionMatch.java:42)
at io.cucumber.core.runner.TestStep.executeStep(TestStep.java:64)
at io.cucumber.core.runner.TestStep.run(TestStep.java:49)
at io.cucumber.core.runner.PickleStepTestStep.run(PickleStepTestStep.java:46)
at io.cucumber.core.runner.TestCase.run(TestCase.java:51)
at io.cucumber.core.runner.Runner.runPickle(Runner.java:66)
at io.cucumber.testng.TestNGCucumberRunner.runScenario(TestNGCucumberRunner.java:124)
at io.cucumber.testng.AbstractTestNGCucumberTests.runScenario(AbstractTestNGCucumberTests.java:29)
... Removed 29 stack frames]]>
    </failure>
  </testcase> <!-- runScenario -->
  <testcase name="runScenario" time="10.302" classname="io.cucumber.testng.AbstractTestNGCucumberTests">
    <failure type="io.cucumber.core.exception.CucumberException" message="Step [user enter (.*) as username] is defined with 1 parameters at &amp;apos;mapping.Login.user_enter_as_username(java.lang.String)&amp;apos;.
However, the gherkin step has 0 arguments.
Step text: user enter &amp;quot;Admin&amp;quot; as username">
      <![CDATA[io.cucumber.core.exception.CucumberException: Step [user enter (.*) as username] is defined with 1 parameters at 'mapping.Login.user_enter_as_username(java.lang.String)'.
However, the gherkin step has 0 arguments.
Step text: user enter "Admin" as username
at io.cucumber.core.runner.PickleStepDefinitionMatch.arityMismatch(PickleStepDefinitionMatch.java:134)
at io.cucumber.core.runner.PickleStepDefinitionMatch.runStep(PickleStepDefinitionMatch.java:42)
at io.cucumber.core.runner.TestStep.executeStep(TestStep.java:64)
at io.cucumber.core.runner.TestStep.run(TestStep.java:49)
at io.cucumber.core.runner.PickleStepTestStep.run(PickleStepTestStep.java:46)
at io.cucumber.core.runner.TestCase.run(TestCase.java:51)
at io.cucumber.core.runner.Runner.runPickle(Runner.java:66)
at io.cucumber.testng.TestNGCucumberRunner.runScenario(TestNGCucumberRunner.java:124)
at io.cucumber.testng.AbstractTestNGCucumberTests.runScenario(AbstractTestNGCucumberTests.java:29)
... Removed 29 stack frames]]>
    </failure>
  </testcase> <!-- runScenario -->
</testsuite> <!-- Surefire test -->
